<?xml version="1.0" encoding="UTF-8"?>
<!-- Generated by org.testng.reporters.JUnitReportReporter -->
<testsuite skipped="0" hostname="LIN19001320" name="PracticePackages.TestPracticesClass" tests="1" failures="0" timestamp="10 Jun 2019 21:03:53 GMT" time="9.375" errors="0">
  <testcase name="App_Setup" time="9.375" classname="PracticePackages.TestPracticesClass"/>
</testsuite> <!-- PracticePackages.TestPracticesClass -->
