<?xml version="1.0" encoding="UTF-8"?>
<!-- Generated by org.testng.reporters.JUnitReportReporter -->
<testsuite skipped="0" hostname="LIN19001320" name="PracticePackages.FreshworkPractices" tests="1" failures="0" timestamp="12 May 2019 16:48:52 GMT" time="6.506" errors="0">
  <testcase name="SignUp_Validation" time="6.506" classname="PracticePackages.FreshworkPractices"/>
</testsuite> <!-- PracticePackages.FreshworkPractices -->
